app/build/outputs/logs/manifest-merger-debug-report.txt
-- Merging decision tree log ---
manifest
ADDED from src\main\AndroidManifest.xml:2:1-49:12
	package
		ADDED from src\main\AndroidManifest.xml:3:5-45
		INJECTED from src\main\AndroidManifest.xml
		INJECTED from src\main\AndroidManifest.xml
	android:versionName
		ADDED from src\main\AndroidManifest.xml:5:5-30
	android:versionCode
		ADDED from src\main\AndroidManifest.xml:4:5-28
		INJECTED from src\main\AndroidManifest.xml
		INJECTED from src\main\AndroidManifest.xml
	xmlns:android
		ADDED from src\main\AndroidManifest.xml:2:11-69
uses-sdk
ADDED from src\main\AndroidManifest.xml:7:5-9:41
MERGED from [com.android.support:support-v4:23.1.0] AndroidManifest.xml:20:5-43
MERGED from [com.android.support:gridlayout-v7:23.1.0] AndroidManifest.xml:20:5-43
MERGED from [com.android.support:support-v4:23.1.0] AndroidManifest.xml:20:5-43
	android:targetSdkVersion
		ADDED from src\main\AndroidManifest.xml:9:9-38
		INJECTED from src\main\AndroidManifest.xml
		INJECTED from src\main\AndroidManifest.xml
	android:minSdkVersion
		ADDED from src\main\AndroidManifest.xml:8:9-35
		INJECTED from src\main\AndroidManifest.xml
		INJECTED from src\main\AndroidManifest.xml
uses-permission#android.permission.INTERNET
ADDED from src\main\AndroidManifest.xml:11:5-67
	android:name
		ADDED from src\main\AndroidManifest.xml:11:22-64
uses-permission#android.permission.GET_ACCOUNTS
ADDED from src\main\AndroidManifest.xml:13:5-71
	android:name
		ADDED from src\main\AndroidManifest.xml:13:22-68
uses-permission#android.permission.READ_PROFILE
ADDED from src\main\AndroidManifest.xml:14:5-71
	android:name
		ADDED from src\main\AndroidManifest.xml:14:22-68
uses-permission#android.permission.READ_CONTACTS
ADDED from src\main\AndroidManifest.xml:15:5-72
	android:name
		ADDED from src\main\AndroidManifest.xml:15:22-69
uses-permission#android.permission.WRITE_EXTERNAL_STORAGE
ADDED from src\main\AndroidManifest.xml:16:5-81
	android:name
		ADDED from src\main\AndroidManifest.xml:16:22-78
uses-permission#android.permission.READ_PHONE_STATE
ADDED from src\main\AndroidManifest.xml:17:5-75
	android:name
		ADDED from src\main\AndroidManifest.xml:17:22-72
uses-permission#android.permission.READ_EXTERNAL_STORAGE
ADDED from src\main\AndroidManifest.xml:18:5-80
	android:name
		ADDED from src\main\AndroidManifest.xml:18:22-77
uses-permission#android.permission.READ_CALL_LOG
ADDED from src\main\AndroidManifest.xml:19:5-72
	android:name
		ADDED from src\main\AndroidManifest.xml:19:22-69
application
ADDED from src\main\AndroidManifest.xml:21:5-47:19
MERGED from [com.android.support:support-v4:23.1.0] AndroidManifest.xml:22:5-20
MERGED from [com.android.support:gridlayout-v7:23.1.0] AndroidManifest.xml:22:5-20
MERGED from [com.android.support:support-v4:23.1.0] AndroidManifest.xml:22:5-20
	android:label
		ADDED from src\main\AndroidManifest.xml:24:9-41
	android:allowBackup
		ADDED from src\main\AndroidManifest.xml:22:9-35
	android:icon
		ADDED from src\main\AndroidManifest.xml:23:9-45
	android:theme
		ADDED from src\main\AndroidManifest.xml:25:9-40
activity#com.example.GetStartedWithData.ToDoActivity
ADDED from src\main\AndroidManifest.xml:26:9-29:20
	android:label
		ADDED from src\main\AndroidManifest.xml:28:13-45
	android:name
		ADDED from src\main\AndroidManifest.xml:27:13-41
activity#com.autopigeonnier.dashboard.MainActivity
ADDED from src\main\AndroidManifest.xml:30:9-33:20
	android:label
		ADDED from src\main\AndroidManifest.xml:32:13-56
	android:name
		ADDED from src\main\AndroidManifest.xml:31:13-69
activity#com.autopigeonnier.auth.AuthActivity
ADDED from src\main\AndroidManifest.xml:34:9-39:20
	android:name
		ADDED from src\main\AndroidManifest.xml:34:19-70
intent-filter#android.intent.action.MAIN+android.intent.category.LAUNCHER
ADDED from src\main\AndroidManifest.xml:35:13-38:29
action#android.intent.action.MAIN
ADDED from src\main\AndroidManifest.xml:36:17-69
	android:name
		ADDED from src\main\AndroidManifest.xml:36:25-66
category#android.intent.category.LAUNCHER
ADDED from src\main\AndroidManifest.xml:37:17-77
	android:name
		ADDED from src\main\AndroidManifest.xml:37:27-74
activity#com.autopigeonnier.note.NoteActivity
ADDED from src\main\AndroidManifest.xml:40:9-43:20
	android:label
		ADDED from src\main\AndroidManifest.xml:42:13-56
	android:name
		ADDED from src\main\AndroidManifest.xml:41:13-64
activity#com.autopigeonnier.note.AddNoteActivity
ADDED from src\main\AndroidManifest.xml:44:9-46:20
	android:label
		ADDED from src\main\AndroidManifest.xml:45:13-60
	android:name
		ADDED from src\main\AndroidManifest.xml:44:19-73